<?xml version="1.0" encoding="UTF-8"?>
<robot generator="Robot 6.0.2 (Python 3.11.2 on win32)" generated="20230228 17:05:52.389" rpa="false" schemaversion="3">
<suite id="s1" name="CreateOrderTest" source="C:\Users\Anuj\source\repos\myautomation\test\CreateOrderTest.robot">
<test id="s1-t1" name="CreateOrderTest" line="13">
<kw name="Opening Browser" library="Common">
<arg>https://uat.fleetpanda.com/users/login</arg>
<arg>Chrome</arg>
<kw name="Open Browser" library="SeleniumLibrary">
<arg>${site_url}</arg>
<arg>${browser}</arg>
<doc>Opens a new browser instance to the optional ``url``.</doc>
<msg timestamp="20230228 17:05:52.711" level="INFO">Opening browser 'Chrome' to base url 'https://uat.fleetpanda.com/users/login'.</msg>
<status status="PASS" starttime="20230228 17:05:52.710" endtime="20230228 17:05:57.035"/>
</kw>
<kw name="Wait Until Element Is Visible" library="SeleniumLibrary">
<arg>${LoginUsernameInputbox}</arg>
<doc>Waits until the element ``locator`` is visible.</doc>
<status status="PASS" starttime="20230228 17:05:57.035" endtime="20230228 17:05:57.067"/>
</kw>
<status status="PASS" starttime="20230228 17:05:52.709" endtime="20230228 17:05:57.067"/>
</kw>
<kw name="Signin" library="LoginPage">
<kw name="Input Text" library="SeleniumLibrary">
<arg>${LoginUsernameInputbox}</arg>
<arg>${username}</arg>
<doc>Types the given ``text`` into the text field identified by ``locator``.</doc>
<msg timestamp="20230228 17:05:57.069" level="INFO">Typing text '9745697713' into text field 'id:user_phone'.</msg>
<status status="PASS" starttime="20230228 17:05:57.068" endtime="20230228 17:05:57.170"/>
</kw>
<kw name="Input Text" library="SeleniumLibrary">
<arg>${LoginPasswordInputBox}</arg>
<arg>${password}</arg>
<doc>Types the given ``text`` into the text field identified by ``locator``.</doc>
<msg timestamp="20230228 17:05:57.170" level="INFO">Typing text 'password' into text field 'id:user_password'.</msg>
<status status="PASS" starttime="20230228 17:05:57.170" endtime="20230228 17:05:57.256"/>
</kw>
<kw name="Click Element" library="SeleniumLibrary">
<arg>${SigninButton}</arg>
<doc>Click the element identified by ``locator``.</doc>
<msg timestamp="20230228 17:05:57.257" level="INFO">Clicking element 'name:commit'.</msg>
<status status="PASS" starttime="20230228 17:05:57.256" endtime="20230228 17:06:03.100"/>
</kw>
<status status="PASS" starttime="20230228 17:05:57.068" endtime="20230228 17:06:03.100"/>
</kw>
<kw name="Click Element" library="SeleniumLibrary">
<arg>${CreateOrder}</arg>
<doc>Click the element identified by ``locator``.</doc>
<msg timestamp="20230228 17:06:03.102" level="INFO">Clicking element 'xpath:/html/body/div[2]/div[2]/div/div/div[1]/div[2]/div/a[2]'.</msg>
<status status="PASS" starttime="20230228 17:06:03.101" endtime="20230228 17:06:04.703"/>
</kw>
<kw name="Input Text" library="SeleniumLibrary">
<arg>id:customerSelect</arg>
<arg>Jay small moves</arg>
<doc>Types the given ``text`` into the text field identified by ``locator``.</doc>
<msg timestamp="20230228 17:06:04.705" level="INFO">Typing text 'Jay small moves' into text field 'id:customerSelect'.</msg>
<msg timestamp="20230228 17:06:04.854" level="INFO" html="true">&lt;/td&gt;&lt;/tr&gt;&lt;tr&gt;&lt;td colspan="3"&gt;&lt;a href="selenium-screenshot-13.png"&gt;&lt;img src="selenium-screenshot-13.png" width="800px"&gt;&lt;/a&gt;</msg>
<msg timestamp="20230228 17:06:04.854" level="FAIL">Element with locator 'id:customerSelect' not found.</msg>
<status status="FAIL" starttime="20230228 17:06:04.704" endtime="20230228 17:06:04.858"/>
</kw>
<kw name="Select From List By Value" library="SeleniumLibrary">
<arg>xpath://*[@id="branchSelect"]</arg>
<arg>ShipTo2 - Kahtnu Flats Inn, Angler Drive, Kenai, AK, USA</arg>
<doc>Selects options from selection list ``locator`` by ``values``.</doc>
<status status="NOT RUN" starttime="20230228 17:06:04.859" endtime="20230228 17:06:04.859"/>
</kw>
<kw name="Sleep" library="BuiltIn">
<arg>3</arg>
<doc>Pauses the test executed for the given time.</doc>
<status status="NOT RUN" starttime="20230228 17:06:04.859" endtime="20230228 17:06:04.859"/>
</kw>
<kw name="Click Button" library="SeleniumLibrary">
<arg>id:searchBt</arg>
<doc>Clicks the button identified by ``locator``.</doc>
<status status="NOT RUN" starttime="20230228 17:06:04.860" endtime="20230228 17:06:04.860"/>
</kw>
<kw name="Sleep" library="BuiltIn">
<arg>2</arg>
<doc>Pauses the test executed for the given time.</doc>
<status status="NOT RUN" starttime="20230228 17:06:04.860" endtime="20230228 17:06:04.860"/>
</kw>
<status status="FAIL" starttime="20230228 17:05:52.708" endtime="20230228 17:06:04.861">Element with locator 'id:customerSelect' not found.</status>
</test>
<status status="FAIL" starttime="20230228 17:05:52.391" endtime="20230228 17:06:04.862"/>
</suite>
<statistics>
<total>
<stat pass="0" fail="1" skip="0">All Tests</stat>
</total>
<tag>
</tag>
<suite>
<stat pass="0" fail="1" skip="0" id="s1" name="CreateOrderTest">CreateOrderTest</stat>
</suite>
</statistics>
<errors>
<msg timestamp="20230228 17:05:52.705" level="ERROR">Error in file 'C:\Users\Anuj\source\repos\myautomation\test\CreateOrderTest.robot' on line 6: Error in file 'C:\Users\Anuj\source\repos\myautomation\test\test.robot' on line 12: Resource file with 'Test Cases' section is invalid.</msg>
</errors>
</robot>
